06/22/2023 05:54:29 PM - parso.cache - DEBUG - pickle loaded: /home/creator/Documents/Paradox/Github/ArtOfAI/object_model/ds/__init__.py
06/22/2023 05:54:31 PM - parso.python.diff - DEBUG - diff parser start
06/22/2023 05:54:31 PM - parso.python.diff - DEBUG - line_lengths old: 1; new: 1
06/22/2023 05:54:31 PM - parso.python.diff - DEBUG - -> code[replace] old[1:1] new[1:1]
06/22/2023 05:54:31 PM - parso.python.diff - DEBUG - parse_part from 1 to 1 (to 0 in part parser)
06/22/2023 05:54:31 PM - parso.python.diff - DEBUG - diff parser end
06/22/2023 05:54:31 PM - parso.cache - DEBUG - pickle loaded: /home/creator/Documents/Paradox/Github/ArtOfAI/object_model/ds/english/__init__.py
06/22/2023 05:54:36 PM - parso.python.diff - DEBUG - diff parser start
06/22/2023 05:54:36 PM - parso.python.diff - DEBUG - line_lengths old: 1; new: 1
06/22/2023 05:54:36 PM - parso.python.diff - DEBUG - -> code[replace] old[1:1] new[1:1]
06/22/2023 05:54:36 PM - parso.python.diff - DEBUG - parse_part from 1 to 1 (to 0 in part parser)
06/22/2023 05:54:36 PM - parso.python.diff - DEBUG - diff parser end
06/22/2023 05:54:37 PM - parso.cache - DEBUG - pickle loaded: /home/creator/Documents/Paradox/Github/ArtOfAI/venv/ai/lib/python3.10/site-packages/jedi/third_party/typeshed/stdlib/3/builtins.pyi
06/22/2023 05:54:37 PM - parso.cache - DEBUG - pickle loaded: /home/creator/Documents/Paradox/Github/ArtOfAI/venv/ai/lib/python3.10/site-packages/jedi/third_party/typeshed/stdlib/3/sys.pyi
06/22/2023 05:55:00 PM - parso.python.diff - DEBUG - diff parser start
06/22/2023 05:55:00 PM - parso.python.diff - DEBUG - line_lengths old: 1; new: 1
06/22/2023 05:55:00 PM - parso.python.diff - DEBUG - -> code[replace] old[1:1] new[1:1]
06/22/2023 05:55:00 PM - parso.python.diff - DEBUG - parse_part from 1 to 1 (to 0 in part parser)
06/22/2023 05:55:00 PM - parso.python.diff - DEBUG - diff parser end
06/22/2023 05:55:03 PM - parso.python.diff - DEBUG - diff parser start
06/22/2023 05:55:03 PM - parso.python.diff - DEBUG - line_lengths old: 1; new: 1
06/22/2023 05:55:03 PM - parso.python.diff - DEBUG - -> code[replace] old[1:1] new[1:1]
06/22/2023 05:55:03 PM - parso.python.diff - DEBUG - parse_part from 1 to 1 (to 0 in part parser)
06/22/2023 05:55:03 PM - parso.python.diff - DEBUG - diff parser end
06/22/2023 05:55:05 PM - parso.python.diff - DEBUG - diff parser start
06/22/2023 05:55:05 PM - parso.python.diff - DEBUG - line_lengths old: 1; new: 1
06/22/2023 05:55:05 PM - parso.python.diff - DEBUG - -> code[replace] old[1:1] new[1:1]
06/22/2023 05:55:05 PM - parso.python.diff - DEBUG - parse_part from 1 to 1 (to 0 in part parser)
06/22/2023 05:55:05 PM - parso.python.diff - DEBUG - diff parser end
06/22/2023 05:55:07 PM - parso.python.diff - DEBUG - diff parser start
06/22/2023 05:55:07 PM - parso.python.diff - DEBUG - line_lengths old: 1; new: 1
06/22/2023 05:55:07 PM - parso.python.diff - DEBUG - -> code[replace] old[1:1] new[1:1]
06/22/2023 05:55:07 PM - parso.python.diff - DEBUG - parse_part from 1 to 1 (to 0 in part parser)
06/22/2023 05:55:07 PM - parso.python.diff - DEBUG - diff parser end
06/22/2023 05:55:09 PM - parso.python.diff - DEBUG - diff parser start
06/22/2023 05:55:09 PM - parso.python.diff - DEBUG - line_lengths old: 1; new: 1
06/22/2023 05:55:09 PM - parso.python.diff - DEBUG - -> code[replace] old[1:1] new[1:1]
06/22/2023 05:55:09 PM - parso.python.diff - DEBUG - parse_part from 1 to 1 (to 0 in part parser)
06/22/2023 05:55:09 PM - parso.python.diff - DEBUG - diff parser end
06/22/2023 05:55:17 PM - parso.python.diff - DEBUG - diff parser start
06/22/2023 05:55:17 PM - parso.python.diff - DEBUG - line_lengths old: 1; new: 1
06/22/2023 05:55:17 PM - parso.python.diff - DEBUG - -> code[replace] old[1:1] new[1:1]
06/22/2023 05:55:17 PM - parso.python.diff - DEBUG - parse_part from 1 to 1 (to 0 in part parser)
06/22/2023 05:55:17 PM - parso.python.diff - DEBUG - diff parser end
